<?xml version="1.0" encoding="UTF-8"?>
<testsuite xmlns:xsi="http://www.w3.org/2001/XMLSchema-instance" xsi:noNamespaceSchemaLocation="https://maven.apache.org/surefire/maven-surefire-plugin/xsd/surefire-test-report.xsd" name="tcc.tesseract.microservice.MicroserviceApplicationTests" time="4.535" tests="1" errors="0" skipped="0" failures="0">
  <properties>
    <property name="java.specification.version" value="15"/>
    <property name="sun.jnu.encoding" value="UTF-8"/>
    <property name="java.class.path" value="/home/matrix2100/Documentos/Projetos/CBM/ocr/target/test-classes:/home/matrix2100/Documentos/Projetos/CBM/ocr/target/classes:/home/matrix2100/.m2/repository/org/springframework/boot/spring-boot-starter-web/2.4.5/spring-boot-starter-web-2.4.5.jar:/home/matrix2100/.m2/repository/org/springframework/boot/spring-boot-starter/2.4.5/spring-boot-starter-2.4.5.jar:/home/matrix2100/.m2/repository/org/springframework/boot/spring-boot-starter-logging/2.4.5/spring-boot-starter-logging-2.4.5.jar:/home/matrix2100/.m2/repository/org/apache/logging/log4j/log4j-to-slf4j/2.13.3/log4j-to-slf4j-2.13.3.jar:/home/matrix2100/.m2/repository/org/apache/logging/log4j/log4j-api/2.13.3/log4j-api-2.13.3.jar:/home/matrix2100/.m2/repository/jakarta/annotation/jakarta.annotation-api/1.3.5/jakarta.annotation-api-1.3.5.jar:/home/matrix2100/.m2/repository/org/yaml/snakeyaml/1.27/snakeyaml-1.27.jar:/home/matrix2100/.m2/repository/org/springframework/boot/spring-boot-starter-json/2.4.5/spring-boot-starter-json-2.4.5.jar:/home/matrix2100/.m2/repository/com/fasterxml/jackson/core/jackson-databind/2.11.4/jackson-databind-2.11.4.jar:/home/matrix2100/.m2/repository/com/fasterxml/jackson/core/jackson-annotations/2.11.4/jackson-annotations-2.11.4.jar:/home/matrix2100/.m2/repository/com/fasterxml/jackson/core/jackson-core/2.11.4/jackson-core-2.11.4.jar:/home/matrix2100/.m2/repository/com/fasterxml/jackson/datatype/jackson-datatype-jdk8/2.11.4/jackson-datatype-jdk8-2.11.4.jar:/home/matrix2100/.m2/repository/com/fasterxml/jackson/datatype/jackson-datatype-jsr310/2.11.4/jackson-datatype-jsr310-2.11.4.jar:/home/matrix2100/.m2/repository/com/fasterxml/jackson/module/jackson-module-parameter-names/2.11.4/jackson-module-parameter-names-2.11.4.jar:/home/matrix2100/.m2/repository/org/springframework/spring-web/5.3.6/spring-web-5.3.6.jar:/home/matrix2100/.m2/repository/org/springframework/spring-beans/5.3.6/spring-beans-5.3.6.jar:/home/matrix2100/.m2/repository/org/springframework/spring-webmvc/5.3.6/spring-webmvc-5.3.6.jar:/home/matrix2100/.m2/repository/org/springframework/spring-aop/5.3.6/spring-aop-5.3.6.jar:/home/matrix2100/.m2/repository/org/springframework/spring-context/5.3.6/spring-context-5.3.6.jar:/home/matrix2100/.m2/repository/org/springframework/spring-expression/5.3.6/spring-expression-5.3.6.jar:/home/matrix2100/.m2/repository/org/springframework/boot/spring-boot-starter-jetty/2.4.5/spring-boot-starter-jetty-2.4.5.jar:/home/matrix2100/.m2/repository/jakarta/servlet/jakarta.servlet-api/4.0.4/jakarta.servlet-api-4.0.4.jar:/home/matrix2100/.m2/repository/jakarta/websocket/jakarta.websocket-api/1.1.2/jakarta.websocket-api-1.1.2.jar:/home/matrix2100/.m2/repository/org/eclipse/jetty/jetty-servlets/9.4.39.v20210325/jetty-servlets-9.4.39.v20210325.jar:/home/matrix2100/.m2/repository/org/eclipse/jetty/jetty-continuation/9.4.39.v20210325/jetty-continuation-9.4.39.v20210325.jar:/home/matrix2100/.m2/repository/org/eclipse/jetty/jetty-http/9.4.39.v20210325/jetty-http-9.4.39.v20210325.jar:/home/matrix2100/.m2/repository/org/eclipse/jetty/jetty-util/9.4.39.v20210325/jetty-util-9.4.39.v20210325.jar:/home/matrix2100/.m2/repository/org/eclipse/jetty/jetty-io/9.4.39.v20210325/jetty-io-9.4.39.v20210325.jar:/home/matrix2100/.m2/repository/org/eclipse/jetty/jetty-webapp/9.4.39.v20210325/jetty-webapp-9.4.39.v20210325.jar:/home/matrix2100/.m2/repository/org/eclipse/jetty/jetty-xml/9.4.39.v20210325/jetty-xml-9.4.39.v20210325.jar:/home/matrix2100/.m2/repository/org/eclipse/jetty/jetty-servlet/9.4.39.v20210325/jetty-servlet-9.4.39.v20210325.jar:/home/matrix2100/.m2/repository/org/eclipse/jetty/jetty-security/9.4.39.v20210325/jetty-security-9.4.39.v20210325.jar:/home/matrix2100/.m2/repository/org/eclipse/jetty/jetty-server/9.4.39.v20210325/jetty-server-9.4.39.v20210325.jar:/home/matrix2100/.m2/repository/org/eclipse/jetty/jetty-util-ajax/9.4.39.v20210325/jetty-util-ajax-9.4.39.v20210325.jar:/home/matrix2100/.m2/repository/org/eclipse/jetty/websocket/websocket-server/9.4.39.v20210325/websocket-server-9.4.39.v20210325.jar:/home/matrix2100/.m2/repository/org/eclipse/jetty/websocket/websocket-common/9.4.39.v20210325/websocket-common-9.4.39.v20210325.jar:/home/matrix2100/.m2/repository/org/eclipse/jetty/websocket/websocket-api/9.4.39.v20210325/websocket-api-9.4.39.v20210325.jar:/home/matrix2100/.m2/repository/org/eclipse/jetty/websocket/websocket-client/9.4.39.v20210325/websocket-client-9.4.39.v20210325.jar:/home/matrix2100/.m2/repository/org/eclipse/jetty/jetty-client/9.4.39.v20210325/jetty-client-9.4.39.v20210325.jar:/home/matrix2100/.m2/repository/org/eclipse/jetty/websocket/websocket-servlet/9.4.39.v20210325/websocket-servlet-9.4.39.v20210325.jar:/home/matrix2100/.m2/repository/org/eclipse/jetty/websocket/javax-websocket-server-impl/9.4.39.v20210325/javax-websocket-server-impl-9.4.39.v20210325.jar:/home/matrix2100/.m2/repository/org/eclipse/jetty/jetty-annotations/9.4.39.v20210325/jetty-annotations-9.4.39.v20210325.jar:/home/matrix2100/.m2/repository/org/eclipse/jetty/jetty-plus/9.4.39.v20210325/jetty-plus-9.4.39.v20210325.jar:/home/matrix2100/.m2/repository/org/ow2/asm/asm/9.0/asm-9.0.jar:/home/matrix2100/.m2/repository/org/ow2/asm/asm-commons/9.0/asm-commons-9.0.jar:/home/matrix2100/.m2/repository/org/ow2/asm/asm-tree/9.0/asm-tree-9.0.jar:/home/matrix2100/.m2/repository/org/ow2/asm/asm-analysis/9.0/asm-analysis-9.0.jar:/home/matrix2100/.m2/repository/org/eclipse/jetty/websocket/javax-websocket-client-impl/9.4.39.v20210325/javax-websocket-client-impl-9.4.39.v20210325.jar:/home/matrix2100/.m2/repository/org/glassfish/jakarta.el/3.0.3/jakarta.el-3.0.3.jar:/home/matrix2100/.m2/repository/org/springframework/boot/spring-boot-devtools/2.4.5/spring-boot-devtools-2.4.5.jar:/home/matrix2100/.m2/repository/org/springframework/boot/spring-boot/2.4.5/spring-boot-2.4.5.jar:/home/matrix2100/.m2/repository/org/springframework/boot/spring-boot-autoconfigure/2.4.5/spring-boot-autoconfigure-2.4.5.jar:/home/matrix2100/.m2/repository/org/springframework/boot/spring-boot-starter-test/2.4.5/spring-boot-starter-test-2.4.5.jar:/home/matrix2100/.m2/repository/org/springframework/boot/spring-boot-test/2.4.5/spring-boot-test-2.4.5.jar:/home/matrix2100/.m2/repository/org/springframework/boot/spring-boot-test-autoconfigure/2.4.5/spring-boot-test-autoconfigure-2.4.5.jar:/home/matrix2100/.m2/repository/com/jayway/jsonpath/json-path/2.4.0/json-path-2.4.0.jar:/home/matrix2100/.m2/repository/net/minidev/json-smart/2.3/json-smart-2.3.jar:/home/matrix2100/.m2/repository/net/minidev/accessors-smart/1.2/accessors-smart-1.2.jar:/home/matrix2100/.m2/repository/jakarta/xml/bind/jakarta.xml.bind-api/2.3.3/jakarta.xml.bind-api-2.3.3.jar:/home/matrix2100/.m2/repository/jakarta/activation/jakarta.activation-api/1.2.2/jakarta.activation-api-1.2.2.jar:/home/matrix2100/.m2/repository/org/assertj/assertj-core/3.18.1/assertj-core-3.18.1.jar:/home/matrix2100/.m2/repository/org/hamcrest/hamcrest/2.2/hamcrest-2.2.jar:/home/matrix2100/.m2/repository/org/junit/jupiter/junit-jupiter/5.7.1/junit-jupiter-5.7.1.jar:/home/matrix2100/.m2/repository/org/junit/jupiter/junit-jupiter-api/5.7.1/junit-jupiter-api-5.7.1.jar:/home/matrix2100/.m2/repository/org/apiguardian/apiguardian-api/1.1.0/apiguardian-api-1.1.0.jar:/home/matrix2100/.m2/repository/org/opentest4j/opentest4j/1.2.0/opentest4j-1.2.0.jar:/home/matrix2100/.m2/repository/org/junit/platform/junit-platform-commons/1.7.1/junit-platform-commons-1.7.1.jar:/home/matrix2100/.m2/repository/org/junit/jupiter/junit-jupiter-params/5.7.1/junit-jupiter-params-5.7.1.jar:/home/matrix2100/.m2/repository/org/junit/jupiter/junit-jupiter-engine/5.7.1/junit-jupiter-engine-5.7.1.jar:/home/matrix2100/.m2/repository/org/junit/platform/junit-platform-engine/1.7.1/junit-platform-engine-1.7.1.jar:/home/matrix2100/.m2/repository/org/mockito/mockito-core/3.6.28/mockito-core-3.6.28.jar:/home/matrix2100/.m2/repository/net/bytebuddy/byte-buddy/1.10.22/byte-buddy-1.10.22.jar:/home/matrix2100/.m2/repository/net/bytebuddy/byte-buddy-agent/1.10.22/byte-buddy-agent-1.10.22.jar:/home/matrix2100/.m2/repository/org/objenesis/objenesis/3.1/objenesis-3.1.jar:/home/matrix2100/.m2/repository/org/mockito/mockito-junit-jupiter/3.6.28/mockito-junit-jupiter-3.6.28.jar:/home/matrix2100/.m2/repository/org/skyscreamer/jsonassert/1.5.0/jsonassert-1.5.0.jar:/home/matrix2100/.m2/repository/com/vaadin/external/google/android-json/0.0.20131108.vaadin1/android-json-0.0.20131108.vaadin1.jar:/home/matrix2100/.m2/repository/org/springframework/spring-core/5.3.6/spring-core-5.3.6.jar:/home/matrix2100/.m2/repository/org/springframework/spring-jcl/5.3.6/spring-jcl-5.3.6.jar:/home/matrix2100/.m2/repository/org/springframework/spring-test/5.3.6/spring-test-5.3.6.jar:/home/matrix2100/.m2/repository/org/xmlunit/xmlunit-core/2.7.0/xmlunit-core-2.7.0.jar:/home/matrix2100/.m2/repository/net/sourceforge/tess4j/tess4j/4.4.1/tess4j-4.4.1.jar:/home/matrix2100/.m2/repository/net/java/dev/jna/jna/5.4.0/jna-5.4.0.jar:/home/matrix2100/.m2/repository/com/github/jai-imageio/jai-imageio-core/1.4.0/jai-imageio-core-1.4.0.jar:/home/matrix2100/.m2/repository/org/ghost4j/ghost4j/1.0.1/ghost4j-1.0.1.jar:/home/matrix2100/.m2/repository/log4j/log4j/1.2.17/log4j-1.2.17.jar:/home/matrix2100/.m2/repository/commons-beanutils/commons-beanutils/1.9.2/commons-beanutils-1.9.2.jar:/home/matrix2100/.m2/repository/commons-collections/commons-collections/3.2.1/commons-collections-3.2.1.jar:/home/matrix2100/.m2/repository/org/apache/xmlgraphics/xmlgraphics-commons/1.4/xmlgraphics-commons-1.4.jar:/home/matrix2100/.m2/repository/com/lowagie/itext/2.1.7/itext-2.1.7.jar:/home/matrix2100/.m2/repository/org/apache/pdfbox/pdfbox-tools/2.0.17/pdfbox-tools-2.0.17.jar:/home/matrix2100/.m2/repository/org/apache/pdfbox/pdfbox-debugger/2.0.17/pdfbox-debugger-2.0.17.jar:/home/matrix2100/.m2/repository/org/apache/pdfbox/jbig2-imageio/3.0.2/jbig2-imageio-3.0.2.jar:/home/matrix2100/.m2/repository/commons-io/commons-io/2.6/commons-io-2.6.jar:/home/matrix2100/.m2/repository/net/sourceforge/lept4j/lept4j/1.12.3/lept4j-1.12.3.jar:/home/matrix2100/.m2/repository/org/jboss/jboss-vfs/3.2.14.Final/jboss-vfs-3.2.14.Final.jar:/home/matrix2100/.m2/repository/org/jboss/logging/jboss-logging/3.4.1.Final/jboss-logging-3.4.1.Final.jar:/home/matrix2100/.m2/repository/ch/qos/logback/logback-classic/1.2.3/logback-classic-1.2.3.jar:/home/matrix2100/.m2/repository/ch/qos/logback/logback-core/1.2.3/logback-core-1.2.3.jar:/home/matrix2100/.m2/repository/org/slf4j/jul-to-slf4j/1.7.30/jul-to-slf4j-1.7.30.jar:/home/matrix2100/.m2/repository/org/slf4j/jcl-over-slf4j/1.7.30/jcl-over-slf4j-1.7.30.jar:/home/matrix2100/.m2/repository/org/slf4j/log4j-over-slf4j/1.7.30/log4j-over-slf4j-1.7.30.jar:/home/matrix2100/.m2/repository/org/apache/commons/commons-lang3/3.11/commons-lang3-3.11.jar:/home/matrix2100/.m2/repository/org/apache/opennlp/opennlp-tools/1.9.1/opennlp-tools-1.9.1.jar:/home/matrix2100/.m2/repository/com/itextpdf/itextpdf/5.5.13.1/itextpdf-5.5.13.1.jar:/home/matrix2100/.m2/repository/org/apache/pdfbox/pdfbox/3.0.0-RC1/pdfbox-3.0.0-RC1.jar:/home/matrix2100/.m2/repository/org/apache/pdfbox/fontbox/3.0.0-RC1/fontbox-3.0.0-RC1.jar:/home/matrix2100/.m2/repository/commons-logging/commons-logging/1.2/commons-logging-1.2.jar:/home/matrix2100/.m2/repository/io/springfox/springfox-boot-starter/3.0.0/springfox-boot-starter-3.0.0.jar:/home/matrix2100/.m2/repository/io/springfox/springfox-oas/3.0.0/springfox-oas-3.0.0.jar:/home/matrix2100/.m2/repository/io/swagger/core/v3/swagger-annotations/2.1.2/swagger-annotations-2.1.2.jar:/home/matrix2100/.m2/repository/io/swagger/core/v3/swagger-models/2.1.2/swagger-models-2.1.2.jar:/home/matrix2100/.m2/repository/io/springfox/springfox-spi/3.0.0/springfox-spi-3.0.0.jar:/home/matrix2100/.m2/repository/io/springfox/springfox-schema/3.0.0/springfox-schema-3.0.0.jar:/home/matrix2100/.m2/repository/io/springfox/springfox-core/3.0.0/springfox-core-3.0.0.jar:/home/matrix2100/.m2/repository/io/springfox/springfox-spring-web/3.0.0/springfox-spring-web-3.0.0.jar:/home/matrix2100/.m2/repository/io/github/classgraph/classgraph/4.8.83/classgraph-4.8.83.jar:/home/matrix2100/.m2/repository/io/springfox/springfox-spring-webmvc/3.0.0/springfox-spring-webmvc-3.0.0.jar:/home/matrix2100/.m2/repository/io/springfox/springfox-spring-webflux/3.0.0/springfox-spring-webflux-3.0.0.jar:/home/matrix2100/.m2/repository/io/springfox/springfox-swagger-common/3.0.0/springfox-swagger-common-3.0.0.jar:/home/matrix2100/.m2/repository/org/mapstruct/mapstruct/1.3.1.Final/mapstruct-1.3.1.Final.jar:/home/matrix2100/.m2/repository/io/springfox/springfox-data-rest/3.0.0/springfox-data-rest-3.0.0.jar:/home/matrix2100/.m2/repository/io/springfox/springfox-bean-validators/3.0.0/springfox-bean-validators-3.0.0.jar:/home/matrix2100/.m2/repository/io/springfox/springfox-swagger2/3.0.0/springfox-swagger2-3.0.0.jar:/home/matrix2100/.m2/repository/io/swagger/swagger-annotations/1.5.20/swagger-annotations-1.5.20.jar:/home/matrix2100/.m2/repository/io/swagger/swagger-models/1.5.20/swagger-models-1.5.20.jar:/home/matrix2100/.m2/repository/io/springfox/springfox-swagger-ui/3.0.0/springfox-swagger-ui-3.0.0.jar:/home/matrix2100/.m2/repository/com/fasterxml/classmate/1.5.1/classmate-1.5.1.jar:/home/matrix2100/.m2/repository/org/slf4j/slf4j-api/1.7.30/slf4j-api-1.7.30.jar:/home/matrix2100/.m2/repository/org/springframework/plugin/spring-plugin-core/2.0.0.RELEASE/spring-plugin-core-2.0.0.RELEASE.jar:/home/matrix2100/.m2/repository/org/springframework/plugin/spring-plugin-metadata/2.0.0.RELEASE/spring-plugin-metadata-2.0.0.RELEASE.jar:"/>
    <property name="java.vm.vendor" value="Oracle Corporation"/>
    <property name="sun.arch.data.model" value="64"/>
    <property name="java.vendor.url" value="https://openjdk.java.net/"/>
    <property name="os.name" value="Linux"/>
    <property name="java.vm.specification.version" value="15"/>
    <property name="sun.java.launcher" value="SUN_STANDARD"/>
    <property name="user.country" value="BR"/>
    <property name="sun.boot.library.path" value="/usr/lib/jvm/java-15-openjdk/lib"/>
    <property name="sun.java.command" value="/home/matrix2100/Documentos/Projetos/CBM/ocr/target/surefire/surefirebooter17022741031543983407.jar /home/matrix2100/Documentos/Projetos/CBM/ocr/target/surefire 2021-06-04T09-06-06_943-jvmRun1 surefire15163414024180174310tmp surefire_012502641012591488737tmp"/>
    <property name="jdk.debug" value="release"/>
    <property name="surefire.test.class.path" value="/home/matrix2100/Documentos/Projetos/CBM/ocr/target/test-classes:/home/matrix2100/Documentos/Projetos/CBM/ocr/target/classes:/home/matrix2100/.m2/repository/org/springframework/boot/spring-boot-starter-web/2.4.5/spring-boot-starter-web-2.4.5.jar:/home/matrix2100/.m2/repository/org/springframework/boot/spring-boot-starter/2.4.5/spring-boot-starter-2.4.5.jar:/home/matrix2100/.m2/repository/org/springframework/boot/spring-boot-starter-logging/2.4.5/spring-boot-starter-logging-2.4.5.jar:/home/matrix2100/.m2/repository/org/apache/logging/log4j/log4j-to-slf4j/2.13.3/log4j-to-slf4j-2.13.3.jar:/home/matrix2100/.m2/repository/org/apache/logging/log4j/log4j-api/2.13.3/log4j-api-2.13.3.jar:/home/matrix2100/.m2/repository/jakarta/annotation/jakarta.annotation-api/1.3.5/jakarta.annotation-api-1.3.5.jar:/home/matrix2100/.m2/repository/org/yaml/snakeyaml/1.27/snakeyaml-1.27.jar:/home/matrix2100/.m2/repository/org/springframework/boot/spring-boot-starter-json/2.4.5/spring-boot-starter-json-2.4.5.jar:/home/matrix2100/.m2/repository/com/fasterxml/jackson/core/jackson-databind/2.11.4/jackson-databind-2.11.4.jar:/home/matrix2100/.m2/repository/com/fasterxml/jackson/core/jackson-annotations/2.11.4/jackson-annotations-2.11.4.jar:/home/matrix2100/.m2/repository/com/fasterxml/jackson/core/jackson-core/2.11.4/jackson-core-2.11.4.jar:/home/matrix2100/.m2/repository/com/fasterxml/jackson/datatype/jackson-datatype-jdk8/2.11.4/jackson-datatype-jdk8-2.11.4.jar:/home/matrix2100/.m2/repository/com/fasterxml/jackson/datatype/jackson-datatype-jsr310/2.11.4/jackson-datatype-jsr310-2.11.4.jar:/home/matrix2100/.m2/repository/com/fasterxml/jackson/module/jackson-module-parameter-names/2.11.4/jackson-module-parameter-names-2.11.4.jar:/home/matrix2100/.m2/repository/org/springframework/spring-web/5.3.6/spring-web-5.3.6.jar:/home/matrix2100/.m2/repository/org/springframework/spring-beans/5.3.6/spring-beans-5.3.6.jar:/home/matrix2100/.m2/repository/org/springframework/spring-webmvc/5.3.6/spring-webmvc-5.3.6.jar:/home/matrix2100/.m2/repository/org/springframework/spring-aop/5.3.6/spring-aop-5.3.6.jar:/home/matrix2100/.m2/repository/org/springframework/spring-context/5.3.6/spring-context-5.3.6.jar:/home/matrix2100/.m2/repository/org/springframework/spring-expression/5.3.6/spring-expression-5.3.6.jar:/home/matrix2100/.m2/repository/org/springframework/boot/spring-boot-starter-jetty/2.4.5/spring-boot-starter-jetty-2.4.5.jar:/home/matrix2100/.m2/repository/jakarta/servlet/jakarta.servlet-api/4.0.4/jakarta.servlet-api-4.0.4.jar:/home/matrix2100/.m2/repository/jakarta/websocket/jakarta.websocket-api/1.1.2/jakarta.websocket-api-1.1.2.jar:/home/matrix2100/.m2/repository/org/eclipse/jetty/jetty-servlets/9.4.39.v20210325/jetty-servlets-9.4.39.v20210325.jar:/home/matrix2100/.m2/repository/org/eclipse/jetty/jetty-continuation/9.4.39.v20210325/jetty-continuation-9.4.39.v20210325.jar:/home/matrix2100/.m2/repository/org/eclipse/jetty/jetty-http/9.4.39.v20210325/jetty-http-9.4.39.v20210325.jar:/home/matrix2100/.m2/repository/org/eclipse/jetty/jetty-util/9.4.39.v20210325/jetty-util-9.4.39.v20210325.jar:/home/matrix2100/.m2/repository/org/eclipse/jetty/jetty-io/9.4.39.v20210325/jetty-io-9.4.39.v20210325.jar:/home/matrix2100/.m2/repository/org/eclipse/jetty/jetty-webapp/9.4.39.v20210325/jetty-webapp-9.4.39.v20210325.jar:/home/matrix2100/.m2/repository/org/eclipse/jetty/jetty-xml/9.4.39.v20210325/jetty-xml-9.4.39.v20210325.jar:/home/matrix2100/.m2/repository/org/eclipse/jetty/jetty-servlet/9.4.39.v20210325/jetty-servlet-9.4.39.v20210325.jar:/home/matrix2100/.m2/repository/org/eclipse/jetty/jetty-security/9.4.39.v20210325/jetty-security-9.4.39.v20210325.jar:/home/matrix2100/.m2/repository/org/eclipse/jetty/jetty-server/9.4.39.v20210325/jetty-server-9.4.39.v20210325.jar:/home/matrix2100/.m2/repository/org/eclipse/jetty/jetty-util-ajax/9.4.39.v20210325/jetty-util-ajax-9.4.39.v20210325.jar:/home/matrix2100/.m2/repository/org/eclipse/jetty/websocket/websocket-server/9.4.39.v20210325/websocket-server-9.4.39.v20210325.jar:/home/matrix2100/.m2/repository/org/eclipse/jetty/websocket/websocket-common/9.4.39.v20210325/websocket-common-9.4.39.v20210325.jar:/home/matrix2100/.m2/repository/org/eclipse/jetty/websocket/websocket-api/9.4.39.v20210325/websocket-api-9.4.39.v20210325.jar:/home/matrix2100/.m2/repository/org/eclipse/jetty/websocket/websocket-client/9.4.39.v20210325/websocket-client-9.4.39.v20210325.jar:/home/matrix2100/.m2/repository/org/eclipse/jetty/jetty-client/9.4.39.v20210325/jetty-client-9.4.39.v20210325.jar:/home/matrix2100/.m2/repository/org/eclipse/jetty/websocket/websocket-servlet/9.4.39.v20210325/websocket-servlet-9.4.39.v20210325.jar:/home/matrix2100/.m2/repository/org/eclipse/jetty/websocket/javax-websocket-server-impl/9.4.39.v20210325/javax-websocket-server-impl-9.4.39.v20210325.jar:/home/matrix2100/.m2/repository/org/eclipse/jetty/jetty-annotations/9.4.39.v20210325/jetty-annotations-9.4.39.v20210325.jar:/home/matrix2100/.m2/repository/org/eclipse/jetty/jetty-plus/9.4.39.v20210325/jetty-plus-9.4.39.v20210325.jar:/home/matrix2100/.m2/repository/org/ow2/asm/asm/9.0/asm-9.0.jar:/home/matrix2100/.m2/repository/org/ow2/asm/asm-commons/9.0/asm-commons-9.0.jar:/home/matrix2100/.m2/repository/org/ow2/asm/asm-tree/9.0/asm-tree-9.0.jar:/home/matrix2100/.m2/repository/org/ow2/asm/asm-analysis/9.0/asm-analysis-9.0.jar:/home/matrix2100/.m2/repository/org/eclipse/jetty/websocket/javax-websocket-client-impl/9.4.39.v20210325/javax-websocket-client-impl-9.4.39.v20210325.jar:/home/matrix2100/.m2/repository/org/glassfish/jakarta.el/3.0.3/jakarta.el-3.0.3.jar:/home/matrix2100/.m2/repository/org/springframework/boot/spring-boot-devtools/2.4.5/spring-boot-devtools-2.4.5.jar:/home/matrix2100/.m2/repository/org/springframework/boot/spring-boot/2.4.5/spring-boot-2.4.5.jar:/home/matrix2100/.m2/repository/org/springframework/boot/spring-boot-autoconfigure/2.4.5/spring-boot-autoconfigure-2.4.5.jar:/home/matrix2100/.m2/repository/org/springframework/boot/spring-boot-starter-test/2.4.5/spring-boot-starter-test-2.4.5.jar:/home/matrix2100/.m2/repository/org/springframework/boot/spring-boot-test/2.4.5/spring-boot-test-2.4.5.jar:/home/matrix2100/.m2/repository/org/springframework/boot/spring-boot-test-autoconfigure/2.4.5/spring-boot-test-autoconfigure-2.4.5.jar:/home/matrix2100/.m2/repository/com/jayway/jsonpath/json-path/2.4.0/json-path-2.4.0.jar:/home/matrix2100/.m2/repository/net/minidev/json-smart/2.3/json-smart-2.3.jar:/home/matrix2100/.m2/repository/net/minidev/accessors-smart/1.2/accessors-smart-1.2.jar:/home/matrix2100/.m2/repository/jakarta/xml/bind/jakarta.xml.bind-api/2.3.3/jakarta.xml.bind-api-2.3.3.jar:/home/matrix2100/.m2/repository/jakarta/activation/jakarta.activation-api/1.2.2/jakarta.activation-api-1.2.2.jar:/home/matrix2100/.m2/repository/org/assertj/assertj-core/3.18.1/assertj-core-3.18.1.jar:/home/matrix2100/.m2/repository/org/hamcrest/hamcrest/2.2/hamcrest-2.2.jar:/home/matrix2100/.m2/repository/org/junit/jupiter/junit-jupiter/5.7.1/junit-jupiter-5.7.1.jar:/home/matrix2100/.m2/repository/org/junit/jupiter/junit-jupiter-api/5.7.1/junit-jupiter-api-5.7.1.jar:/home/matrix2100/.m2/repository/org/apiguardian/apiguardian-api/1.1.0/apiguardian-api-1.1.0.jar:/home/matrix2100/.m2/repository/org/opentest4j/opentest4j/1.2.0/opentest4j-1.2.0.jar:/home/matrix2100/.m2/repository/org/junit/platform/junit-platform-commons/1.7.1/junit-platform-commons-1.7.1.jar:/home/matrix2100/.m2/repository/org/junit/jupiter/junit-jupiter-params/5.7.1/junit-jupiter-params-5.7.1.jar:/home/matrix2100/.m2/repository/org/junit/jupiter/junit-jupiter-engine/5.7.1/junit-jupiter-engine-5.7.1.jar:/home/matrix2100/.m2/repository/org/junit/platform/junit-platform-engine/1.7.1/junit-platform-engine-1.7.1.jar:/home/matrix2100/.m2/repository/org/mockito/mockito-core/3.6.28/mockito-core-3.6.28.jar:/home/matrix2100/.m2/repository/net/bytebuddy/byte-buddy/1.10.22/byte-buddy-1.10.22.jar:/home/matrix2100/.m2/repository/net/bytebuddy/byte-buddy-agent/1.10.22/byte-buddy-agent-1.10.22.jar:/home/matrix2100/.m2/repository/org/objenesis/objenesis/3.1/objenesis-3.1.jar:/home/matrix2100/.m2/repository/org/mockito/mockito-junit-jupiter/3.6.28/mockito-junit-jupiter-3.6.28.jar:/home/matrix2100/.m2/repository/org/skyscreamer/jsonassert/1.5.0/jsonassert-1.5.0.jar:/home/matrix2100/.m2/repository/com/vaadin/external/google/android-json/0.0.20131108.vaadin1/android-json-0.0.20131108.vaadin1.jar:/home/matrix2100/.m2/repository/org/springframework/spring-core/5.3.6/spring-core-5.3.6.jar:/home/matrix2100/.m2/repository/org/springframework/spring-jcl/5.3.6/spring-jcl-5.3.6.jar:/home/matrix2100/.m2/repository/org/springframework/spring-test/5.3.6/spring-test-5.3.6.jar:/home/matrix2100/.m2/repository/org/xmlunit/xmlunit-core/2.7.0/xmlunit-core-2.7.0.jar:/home/matrix2100/.m2/repository/net/sourceforge/tess4j/tess4j/4.4.1/tess4j-4.4.1.jar:/home/matrix2100/.m2/repository/net/java/dev/jna/jna/5.4.0/jna-5.4.0.jar:/home/matrix2100/.m2/repository/com/github/jai-imageio/jai-imageio-core/1.4.0/jai-imageio-core-1.4.0.jar:/home/matrix2100/.m2/repository/org/ghost4j/ghost4j/1.0.1/ghost4j-1.0.1.jar:/home/matrix2100/.m2/repository/log4j/log4j/1.2.17/log4j-1.2.17.jar:/home/matrix2100/.m2/repository/commons-beanutils/commons-beanutils/1.9.2/commons-beanutils-1.9.2.jar:/home/matrix2100/.m2/repository/commons-collections/commons-collections/3.2.1/commons-collections-3.2.1.jar:/home/matrix2100/.m2/repository/org/apache/xmlgraphics/xmlgraphics-commons/1.4/xmlgraphics-commons-1.4.jar:/home/matrix2100/.m2/repository/com/lowagie/itext/2.1.7/itext-2.1.7.jar:/home/matrix2100/.m2/repository/org/apache/pdfbox/pdfbox-tools/2.0.17/pdfbox-tools-2.0.17.jar:/home/matrix2100/.m2/repository/org/apache/pdfbox/pdfbox-debugger/2.0.17/pdfbox-debugger-2.0.17.jar:/home/matrix2100/.m2/repository/org/apache/pdfbox/jbig2-imageio/3.0.2/jbig2-imageio-3.0.2.jar:/home/matrix2100/.m2/repository/commons-io/commons-io/2.6/commons-io-2.6.jar:/home/matrix2100/.m2/repository/net/sourceforge/lept4j/lept4j/1.12.3/lept4j-1.12.3.jar:/home/matrix2100/.m2/repository/org/jboss/jboss-vfs/3.2.14.Final/jboss-vfs-3.2.14.Final.jar:/home/matrix2100/.m2/repository/org/jboss/logging/jboss-logging/3.4.1.Final/jboss-logging-3.4.1.Final.jar:/home/matrix2100/.m2/repository/ch/qos/logback/logback-classic/1.2.3/logback-classic-1.2.3.jar:/home/matrix2100/.m2/repository/ch/qos/logback/logback-core/1.2.3/logback-core-1.2.3.jar:/home/matrix2100/.m2/repository/org/slf4j/jul-to-slf4j/1.7.30/jul-to-slf4j-1.7.30.jar:/home/matrix2100/.m2/repository/org/slf4j/jcl-over-slf4j/1.7.30/jcl-over-slf4j-1.7.30.jar:/home/matrix2100/.m2/repository/org/slf4j/log4j-over-slf4j/1.7.30/log4j-over-slf4j-1.7.30.jar:/home/matrix2100/.m2/repository/org/apache/commons/commons-lang3/3.11/commons-lang3-3.11.jar:/home/matrix2100/.m2/repository/org/apache/opennlp/opennlp-tools/1.9.1/opennlp-tools-1.9.1.jar:/home/matrix2100/.m2/repository/com/itextpdf/itextpdf/5.5.13.1/itextpdf-5.5.13.1.jar:/home/matrix2100/.m2/repository/org/apache/pdfbox/pdfbox/3.0.0-RC1/pdfbox-3.0.0-RC1.jar:/home/matrix2100/.m2/repository/org/apache/pdfbox/fontbox/3.0.0-RC1/fontbox-3.0.0-RC1.jar:/home/matrix2100/.m2/repository/commons-logging/commons-logging/1.2/commons-logging-1.2.jar:/home/matrix2100/.m2/repository/io/springfox/springfox-boot-starter/3.0.0/springfox-boot-starter-3.0.0.jar:/home/matrix2100/.m2/repository/io/springfox/springfox-oas/3.0.0/springfox-oas-3.0.0.jar:/home/matrix2100/.m2/repository/io/swagger/core/v3/swagger-annotations/2.1.2/swagger-annotations-2.1.2.jar:/home/matrix2100/.m2/repository/io/swagger/core/v3/swagger-models/2.1.2/swagger-models-2.1.2.jar:/home/matrix2100/.m2/repository/io/springfox/springfox-spi/3.0.0/springfox-spi-3.0.0.jar:/home/matrix2100/.m2/repository/io/springfox/springfox-schema/3.0.0/springfox-schema-3.0.0.jar:/home/matrix2100/.m2/repository/io/springfox/springfox-core/3.0.0/springfox-core-3.0.0.jar:/home/matrix2100/.m2/repository/io/springfox/springfox-spring-web/3.0.0/springfox-spring-web-3.0.0.jar:/home/matrix2100/.m2/repository/io/github/classgraph/classgraph/4.8.83/classgraph-4.8.83.jar:/home/matrix2100/.m2/repository/io/springfox/springfox-spring-webmvc/3.0.0/springfox-spring-webmvc-3.0.0.jar:/home/matrix2100/.m2/repository/io/springfox/springfox-spring-webflux/3.0.0/springfox-spring-webflux-3.0.0.jar:/home/matrix2100/.m2/repository/io/springfox/springfox-swagger-common/3.0.0/springfox-swagger-common-3.0.0.jar:/home/matrix2100/.m2/repository/org/mapstruct/mapstruct/1.3.1.Final/mapstruct-1.3.1.Final.jar:/home/matrix2100/.m2/repository/io/springfox/springfox-data-rest/3.0.0/springfox-data-rest-3.0.0.jar:/home/matrix2100/.m2/repository/io/springfox/springfox-bean-validators/3.0.0/springfox-bean-validators-3.0.0.jar:/home/matrix2100/.m2/repository/io/springfox/springfox-swagger2/3.0.0/springfox-swagger2-3.0.0.jar:/home/matrix2100/.m2/repository/io/swagger/swagger-annotations/1.5.20/swagger-annotations-1.5.20.jar:/home/matrix2100/.m2/repository/io/swagger/swagger-models/1.5.20/swagger-models-1.5.20.jar:/home/matrix2100/.m2/repository/io/springfox/springfox-swagger-ui/3.0.0/springfox-swagger-ui-3.0.0.jar:/home/matrix2100/.m2/repository/com/fasterxml/classmate/1.5.1/classmate-1.5.1.jar:/home/matrix2100/.m2/repository/org/slf4j/slf4j-api/1.7.30/slf4j-api-1.7.30.jar:/home/matrix2100/.m2/repository/org/springframework/plugin/spring-plugin-core/2.0.0.RELEASE/spring-plugin-core-2.0.0.RELEASE.jar:/home/matrix2100/.m2/repository/org/springframework/plugin/spring-plugin-metadata/2.0.0.RELEASE/spring-plugin-metadata-2.0.0.RELEASE.jar:"/>
    <property name="sun.cpu.endian" value="little"/>
    <property name="user.home" value="/home/matrix2100"/>
    <property name="user.language" value="pt"/>
    <property name="java.specification.vendor" value="Oracle Corporation"/>
    <property name="java.version.date" value="2021-01-19"/>
    <property name="java.home" value="/usr/lib/jvm/java-15-openjdk"/>
    <property name="file.separator" value="/"/>
    <property name="basedir" value="/home/matrix2100/Documentos/Projetos/CBM/ocr"/>
    <property name="java.vm.compressedOopsMode" value="Zero based"/>
    <property name="line.separator" value="&#10;"/>
    <property name="java.vm.specification.vendor" value="Oracle Corporation"/>
    <property name="java.specification.name" value="Java Platform API Specification"/>
    <property name="surefire.real.class.path" value="/home/matrix2100/Documentos/Projetos/CBM/ocr/target/surefire/surefirebooter17022741031543983407.jar"/>
    <property name="sun.management.compiler" value="HotSpot 64-Bit Tiered Compilers"/>
    <property name="java.runtime.version" value="15.0.2+7"/>
    <property name="user.name" value="matrix2100"/>
    <property name="path.separator" value=":"/>
    <property name="os.version" value="5.10.36-2-MANJARO"/>
    <property name="java.runtime.name" value="OpenJDK Runtime Environment"/>
    <property name="file.encoding" value="UTF-8"/>
    <property name="java.vm.name" value="OpenJDK 64-Bit Server VM"/>
    <property name="localRepository" value="/home/matrix2100/.m2/repository"/>
    <property name="java.vendor.url.bug" value="https://bugreport.java.com/bugreport/"/>
    <property name="java.io.tmpdir" value="/tmp"/>
    <property name="java.version" value="15.0.2"/>
    <property name="user.dir" value="/home/matrix2100/Documentos/Projetos/CBM/ocr"/>
    <property name="os.arch" value="amd64"/>
    <property name="java.vm.specification.name" value="Java Virtual Machine Specification"/>
    <property name="java.library.path" value="/usr/java/packages/lib:/usr/lib64:/lib64:/lib:/usr/lib"/>
    <property name="java.vm.info" value="mixed mode"/>
    <property name="java.vendor" value="N/A"/>
    <property name="java.vm.version" value="15.0.2+7"/>
    <property name="sun.io.unicode.encoding" value="UnicodeLittle"/>
    <property name="java.class.version" value="59.0"/>
  </properties>
  <testcase name="contextLoads" classname="tcc.tesseract.microservice.MicroserviceApplicationTests" time="0.415"/>
</testsuite>